Determining if the pthread_create exist failed with the following output:
Change Dir: /home/workspace/c3-project/CMakeFiles/CMakeTmp

Run Build Command:"/usr/bin/make" "cmTC_63653/fast"
/usr/bin/make -f CMakeFiles/cmTC_63653.dir/build.make CMakeFiles/cmTC_63653.dir/build
make[1]: Entering directory '/workspace/home/c3-project/CMakeFiles/CMakeTmp'
Building C object CMakeFiles/cmTC_63653.dir/CheckSymbolExists.c.o
/usr/bin/cc    -o CMakeFiles/cmTC_63653.dir/CheckSymbolExists.c.o   -c /home/workspace/c3-project/CMakeFiles/CMakeTmp/CheckSymbolExists.c
Linking C executable cmTC_63653
/usr/local/bin/cmake -E cmake_link_script CMakeFiles/cmTC_63653.dir/link.txt --verbose=1
/usr/bin/cc      CMakeFiles/cmTC_63653.dir/CheckSymbolExists.c.o  -o cmTC_63653 
CMakeFiles/cmTC_63653.dir/CheckSymbolExists.c.o: In function `main':
CheckSymbolExists.c:(.text+0x1b): undefined reference to `pthread_create'
collect2: error: ld returned 1 exit status
CMakeFiles/cmTC_63653.dir/build.make:86: recipe for target 'cmTC_63653' failed
make[1]: *** [cmTC_63653] Error 1
make[1]: Leaving directory '/workspace/home/c3-project/CMakeFiles/CMakeTmp'
Makefile:121: recipe for target 'cmTC_63653/fast' failed
make: *** [cmTC_63653/fast] Error 2

File /home/workspace/c3-project/CMakeFiles/CMakeTmp/CheckSymbolExists.c:
/* */
#include <pthread.h>

int main(int argc, char** argv)
{
  (void)argv;
#ifndef pthread_create
  return ((int*)(&pthread_create))[argc];
#else
  (void)argc;
  return 0;
#endif
}

Determining if the function pthread_create exists in the pthreads failed with the following output:
Change Dir: /home/workspace/c3-project/CMakeFiles/CMakeTmp

Run Build Command:"/usr/bin/make" "cmTC_bb89c/fast"
/usr/bin/make -f CMakeFiles/cmTC_bb89c.dir/build.make CMakeFiles/cmTC_bb89c.dir/build
make[1]: Entering directory '/workspace/home/c3-project/CMakeFiles/CMakeTmp'
Building C object CMakeFiles/cmTC_bb89c.dir/CheckFunctionExists.c.o
/usr/bin/cc   -DCHECK_FUNCTION_EXISTS=pthread_create   -o CMakeFiles/cmTC_bb89c.dir/CheckFunctionExists.c.o   -c /usr/local/share/cmake-3.13/Modules/CheckFunctionExists.c
Linking C executable cmTC_bb89c
/usr/local/bin/cmake -E cmake_link_script CMakeFiles/cmTC_bb89c.dir/link.txt --verbose=1
/usr/bin/cc  -DCHECK_FUNCTION_EXISTS=pthread_create    CMakeFiles/cmTC_bb89c.dir/CheckFunctionExists.c.o  -o cmTC_bb89c -lpthreads 
/usr/bin/ld: cannot find -lpthreads
collect2: error: ld returned 1 exit status
CMakeFiles/cmTC_bb89c.dir/build.make:86: recipe for target 'cmTC_bb89c' failed
make[1]: *** [cmTC_bb89c] Error 1
make[1]: Leaving directory '/workspace/home/c3-project/CMakeFiles/CMakeTmp'
Makefile:121: recipe for target 'cmTC_bb89c/fast' failed
make: *** [cmTC_bb89c/fast] Error 2


